Initial: 1+0i, 1+1i, 5+2i, 8+9i, 8+4i
Adaugat 10+11i: 1+0i, 1+1i, 10+11i, 5+2i, 8+9i, 8+4i
Eliminat 5+2i: 1+0i, 1+1i, 10+11i, 8+9i, 8+4i
Vectorul nu este pur imaginar

Adaugat 1i: 1i
Adaugat 2i: 1i, 2i
Adaugat 3i: 1i, 2i, 3i
Adaugat 4i: 1i, 2i, 3i, 4i
Adaugat 5i: 1i, 2i, 3i, 4i, 5i
Eliminat 5i: 1i, 2i, 3i, 4i
Eliminat 4i: 1i, 2i, 3i
Stiva pur imaginara

Adaugat 56-2i: 56-2i
Adaugat 3i: 56-2i, 3i
Eliminat 3i: 56-2i
Adaugat -6+17i: 56-2i, -6+17i
Adaugat 8+92i: 56-2i, -6+17i, 8+92i
Stiva nu este pur imaginara

Adaugat 1i: 1i
Adaugat 2i: 1i 2i
Adaugat 3i: 1i 2i 3i
Adaugat 4i: 1i 2i 3i 4i
Adaugat 5i: 1i 2i 3i 4i 5i
Adaugat 6i: 1i 2i 3i 4i 5i 6i
Adaugat 7i: 1i 2i 3i 4i 5i 6i 7i
Adaugat 8i: 1i 2i 3i 4i 5i 6i 7i 8i
Eliminat 1i: 2i 3i 4i 5i 6i 7i 8i
Eliminat 2i: 3i 4i 5i 6i 7i 8i
Coada pur imaginara
